<?xml version="1.0" encoding="UTF-8"?>
<!-- Generated by org.testng.reporters.JUnitReportReporter -->
<testsuite hostname="Sanju" failures="0" tests="1" name="Module1_Login_Test.SwagLabLoginTest" time="11.594" errors="0" timestamp="2023-11-23T09:19:29 IST" skipped="0">
  <testcase classname="Module1_Login_Test.SwagLabLoginTest" name="VerifyTitle" time="11.594"/>
  <system-out/>
</testsuite> <!-- Module1_Login_Test.SwagLabLoginTest -->
